[be5c6a84] LSM放行 63 → 越权 61 (敏感 47, 判据分歧 0)  -> /home/hx/try/lsm-hook-analysis-v2/input/be5c6a84
[be5c6a84] 上报成功 -> http://8.152.192.7:15100/api/rounds/detection/kernel

完成 1 个 round：新分析 1 个，跳过 0 个。成功上报 1 个。每个已分析 round 目录下会生成 analysis_violations.jsonl 和 analysis_report.md
[be5c6a84] 已存在分析结果且已上报，跳过 -> /home/hx/try/lsm-hook-analysis-v2/input/be5c6a84

完成 1 个 round：新分析 0 个，跳过 1 个。成功上报 0 个。每个已分析 round 目录下会生成 analysis_violations.jsonl 和 analysis_report.md
[be5c6a84] 已存在分析结果且已上报，跳过 -> /home/hx/try/lsm-hook-analysis-v2/input/be5c6a84

完成 1 个 round：新分析 0 个，跳过 1 个。成功上报 0 个。每个已分析 round 目录下会生成 analysis_violations.jsonl 和 analysis_report.md
[be5c6a84] 已存在分析结果且已上报，跳过 -> /home/hx/try/lsm-hook-analysis-v2/input/be5c6a84

完成 1 个 round：新分析 0 个，跳过 1 个。成功上报 0 个。每个已分析 round 目录下会生成 analysis_violations.jsonl 和 analysis_report.md
[28559234] LSM放行 0 → 越权 0 (敏感 0, 判据分歧 0)  -> /home/hx/try/lsm-hook-analysis-v2/input/28559234
[28559234] 上报成功 -> http://8.152.192.7:15100/api/rounds/detection/kernel
[59ab88d1] LSM放行 0 → 越权 0 (敏感 0, 判据分歧 0)  -> /home/hx/try/lsm-hook-analysis-v2/input/59ab88d1
[59ab88d1] 上报成功 -> http://8.152.192.7:15100/api/rounds/detection/kernel
[9d87226e] LSM放行 0 → 越权 0 (敏感 0, 判据分歧 0)  -> /home/hx/try/lsm-hook-analysis-v2/input/9d87226e
[9d87226e] 上报成功 -> http://8.152.192.7:15100/api/rounds/detection/kernel
[be5c6a84] 已存在分析结果且已上报，跳过 -> /home/hx/try/lsm-hook-analysis-v2/input/be5c6a84
[cf6a7625] LSM放行 0 → 越权 0 (敏感 0, 判据分歧 0)  -> /home/hx/try/lsm-hook-analysis-v2/input/cf6a7625
[cf6a7625] 上报成功 -> http://8.152.192.7:15100/api/rounds/detection/kernel
[f1cd483e] LSM放行 0 → 越权 0 (敏感 0, 判据分歧 0)  -> /home/hx/try/lsm-hook-analysis-v2/input/f1cd483e
[f1cd483e] 上报成功 -> http://8.152.192.7:15100/api/rounds/detection/kernel
[mock_1781418436315] LSM放行 0 → 越权 0 (敏感 0, 判据分歧 0)  -> /home/hx/try/lsm-hook-analysis-v2/input/mock_1781418436315
Traceback (most recent call last):
  File "/home/hx/try/lsm-hook-analysis-v2/analyze.py", line 398, in push_kernel_report
    with request.urlopen(req, timeout=KERNEL_REPORT_PUSH_TIMEOUT) as resp:
  File "/usr/lib64/python3.9/urllib/request.py", line 214, in urlopen
    return opener.open(url, data, timeout)
  File "/usr/lib64/python3.9/urllib/request.py", line 523, in open
    response = meth(req, response)
  File "/usr/lib64/python3.9/urllib/request.py", line 632, in http_response
    response = self.parent.error(
  File "/usr/lib64/python3.9/urllib/request.py", line 561, in error
    return self._call_chain(*args)
  File "/usr/lib64/python3.9/urllib/request.py", line 494, in _call_chain
    result = func(*args)
  File "/usr/lib64/python3.9/urllib/request.py", line 641, in http_error_default
    raise HTTPError(req.full_url, code, msg, hdrs, fp)
urllib.error.HTTPError: HTTP Error 404: NOT FOUND

The above exception was the direct cause of the following exception:

Traceback (most recent call last):
  File "/home/hx/try/lsm-hook-analysis-v2/analyze.py", line 478, in <module>
    main()
  File "/home/hx/try/lsm-hook-analysis-v2/analyze.py", line 466, in main
    response = push_kernel_report(res["round_id"], report_path)
  File "/home/hx/try/lsm-hook-analysis-v2/analyze.py", line 402, in push_kernel_report
    raise RuntimeError(f"上报失败: HTTP {exc.code} {body}") from exc
RuntimeError: 上报失败: HTTP 404 {"error":"\u672a\u627e\u5230\u5bf9\u5e94\u7684 round_id: mock_1781418436315","ok":false}

